[4mRunning "express:dev" (express) task[24m
[36mStarting [39mbackground Express server
listening to 9000

[4mRunning "coffeelint:files" (coffeelint) task[24m
[32m>> [39m4 files lint free.

[4mRunning "coffee:all" (coffee) task[24m
[32m>> [39m1 files created.

[4mRunning "watch" task[24m
Waiting...
clientReady !!!
exit 0
exit 0
exit 0
exit 0
exit 0
exit 0
exit 0
exit 0
exit 0
exit 0
exit 0
exit 0
exit 0
exit 1
exit 2
exit 3
exit 5
exit 5
exit 6
exit 7
exit 9
exit 10
exit 11
exit 12
exit 13
exit 13
exit 15
exit 15
exit 16
exit 17
exit 18
exit 19
exit 20
exit 21
[32m>> [39mFile "server.coffee" changed.
[4mRunning "coffeelint:files" (coffeelint) task[24m
[32m>> [39m4 files lint free.

[32mDone, without errors.[39m

[4mRunning "express:dev" (express) task[24m
[31mStopping[39m Express server
[36mStarting [39mbackground Express server
listening to 9000

[4mRunning "watch" task[24m
[36mCompleted in 2.738s at Sun Jan 18 2015 20:50:33 GMT+0100 (CET)[39m - Waiting...
clientReady !!!
exit 0
exit 0
exit 2
exit 2
exit 4
exit 4
exit 5
exit 6
exit 7
exit 8
exit 9
exit 10
exit 11
exit 12
exit 13
exit 14
exit 15
exit 16
exit 17
exit 18
exit 19
exit 20
exit 21
exit 22
exit 23
exit 24
exit 25
exit 26
exit 27
exit 28
exit 29
exit 30
exit 31
exit 32
exit 33
exit 34
exit 35
exit 36
exit 37
exit 38
exit 39
exit 40
exit 41
exit 42
exit 43
exit 44
exit 45
exit 46
exit 47
exit 48
exit 49
exit 50
exit 51
exit 52
exit 53
exit 54
exit 55
exit 56
exit 57
exit 58
exit 59
exit 60
exit 61
exit 62
exit 63
exit 64
exit 65
exit 66
exit 67
exit 68
exit 69
exit 70
exit 71
exit 72
exit 73
exit 74
exit 75
exit 76
exit 77
exit 78
exit 79
exit 80
exit 81
exit 82
exit 83
exit 84
exit 85
exit 86
exit 87
exit 88
exit 89
exit 90
exit 91
exit 92
exit 93
exit 94
exit 95
exit 96
exit 97
exit 98
exit 99
exit 100
exit 101
exit 102
exit 103
exit 104
exit 105
exit 106
exit 107
exit 108
exit 109
exit 110
exit 111
exit 112
exit 113
exit 114
exit 115
exit 116
exit 117
exit 118
exit 119
exit 120
exit 121
exit 122
exit 123
exit 124
exit 125
exit 126
exit 127
exit 128
exit 129
exit 130
exit 131
exit 132
exit 133
exit 134
exit 135
exit 136
exit 137
exit 138
exit 139
exit 140
exit 141
exit 142
exit 143
exit 144
exit 145
exit 146
exit 147
exit 148
exit 149
exit 150
exit 151
exit 152
exit 153
exit 154
exit 155
exit 156
exit 157
exit 158
exit 159
exit 160
exit 161
exit 162
exit 163
exit 164
exit 165
exit 166
exit 167
exit 168
exit 169
exit 170
exit 171
exit 172
exit 173
exit 174
exit 175
exit 176
exit 177
exit 178
exit 179
exit 180
exit 181
exit 182
exit 183
exit 184
exit 185
exit 186
exit 187
exit 188
exit 189
exit 190
exit 191
exit 192
exit 193
exit 194
exit 195
exit 196
exit 197
exit 198
exit 199
exit 200
exit 201
exit 202
exit 203
exit 204
exit 205
exit 206
exit 207
exit 208
exit 209
exit 210
exit 211
exit 212
exit 213
exit 214
exit 215
exit 216
exit 217
exit 218
exit 219
exit 220
exit 221
exit 222
exit 223
exit 224
exit 225
exit 226
exit 227
exit 228
exit 229
exit 230
exit 231
exit 232
exit 233
exit 234
exit 235
exit 236
exit 237
exit 238
exit 239
exit 240
exit 241
exit 242
exit 243
exit 244
exit 245
exit 246
exit 247
exit 248
exit 249
exit 250
exit 251
exit 252
exit 253
exit 254
exit 255
exit 256
exit 257
exit 258
exit 259
exit 260
exit 261
exit 262
exit 263
exit 264
exit 265
exit 266
exit 267
exit 268
exit 269
exit 270
exit 271
exit 272
exit 273
exit 274
exit 275
exit 276
exit 277
exit 278
exit 279
exit 280
exit 281
exit 282
exit 283
exit 284
exit 285
exit 286
exit 287
exit 288
exit 289
exit 290
exit 0
movie done
exit 0
exit 0
exit 0
exit 0
exit 0
exit 0
exit 0
exit 0
exit 0
exit 0
exit 0
exit 0
exit 0
exit 0
exit 0
exit 0
exit 0
exit 0
exit 0
exit 0
exit 0
exit 0
exit 0
exit 0
exit 0
exit 0
exit 0
exit 0
exit 0
exit 0
exit 0
exit 0
exit 0
exit 0
exit 0
exit 0
exit 0
exit 0
exit 0
exit 0
exit 0
exit 0
exit 0
exit 0
exit 0
exit 0
exit 0
exit 0
exit 0
exit 0
exit 0
exit 0
exit 0
exit 0
exit 0
exit 0
exit 0
exit 0
exit 0
exit 0
exit 0
exit 0
exit 0
exit 0
exit 0
exit 0
exit 0
exit 0
exit 0
exit 0
exit 0
exit 0
exit 0
exit 0
exit 0
exit 0
exit 0
exit 0
exit 0
exit 0
exit 0
exit 0
exit 0
exit 0
exit 0
exit 0
exit 0
exit 0
exit 0
exit 0
exit 0
exit 0
exit 0
exit 0
exit 0
exit 0
exit 0
exit 0
exit 0
exit 0
exit 0
exit 0
exit 0
exit 0
exit 0
exit 0
exit 0
exit 0
exit 0
exit 0
exit 0
exit 0
exit 0
exit 0
exit 0
exit 0
exit 0
exit 0
exit 0
exit 0
exit 0
exit 0
exit 0
exit 0
exit 0
exit 0
exit 0
exit 0
exit 0
exit 0
exit 0
exit 0
exit 0
exit 0
exit 0
exit 0
exit 0
exit 0
exit 0
exit 0
exit 0
exit 0
exit 0
exit 0
exit 0
exit 0
exit 0
exit 0
exit 0
exit 0
exit 0
exit 0
exit 0
exit 0
exit 0
exit 0
exit 0
exit 0
exit 0
exit 0
exit 0
exit 0
exit 0
exit 0
exit 0
exit 0
exit 0
exit 0
exit 0
exit 0
exit 0
exit 0
exit 0
exit 0
exit 0
exit 0
exit 0
exit 0
exit 0
exit 0
exit 0
exit 0
exit 0
exit 0
exit 0
exit 0
exit 0
exit 0
exit 0
exit 0
exit 0
exit 0
exit 0
exit 0
exit 0
exit 0
exit 0
exit 0
exit 0
exit 0
exit 0
exit 0
exit 0
exit 0
exit 0
exit 0
exit 0
exit 0
exit 0
exit 0
exit 0
exit 0
exit 0
exit 0
exit 0
exit 0
exit 0
exit 0
exit 0
exit 0
exit 0
exit 0
exit 0
exit 0
exit 0
exit 0
exit 0
exit 0
exit 0
exit 0
exit 0
exit 0
exit 0
exit 0
exit 0
exit 0
exit 0
exit 0
exit 0
exit 0
exit 0
exit 0
exit 0
exit 0
exit 0
exit 0
exit 0
exit 0
exit 0
exit 0
exit 0
exit 0
exit 0
exit 0
exit 0
exit 0
exit 0
exit 0
exit 0
exit 0
exit 0
exit 0
exit 0
exit 0
exit 0
exit 0
exit 0
exit 0
exit 0
exit 0
exit 0
exit 0
exit 0
exit 0
exit 0
exit 0
exit 0
exit 0
exit 0
exit 0
exit 0
exit 0
exit 0
exit 0
exit 0
exit 0
exit 0
exit 0
exit 0
exit 0
exit 0
exit 0
exit 0
exit 0
exit 0
exit 0
exit 0
exit 0
exit 0
exit 0
exit 0
exit 0
exit 0
exit 0
exit 0
exit 0
exit 0
exit 0
exit 0
exit 0
exit 0
exit 0
exit 0
exit 0
exit 0
exit 0
exit 0
exit 0
exit 0
exit 0
exit 0
exit 0
exit 0
exit 0
exit 0
exit 0
exit 0
exit 0
exit 0
exit 0
exit 0
exit 0
exit 0
exit 0
exit 0
exit 0
exit 0
exit 0
exit 0
exit 0
exit 0
exit 0
exit 0
exit 0
exit 0
exit 0
exit 0
exit 0
exit 0
exit 0
exit 0
exit 0
exit 0
exit 0
exit 0
exit 0
exit 0
exit 0
exit 0
exit 0
exit 0
exit 0
exit 0
exit 0
exit 0
exit 0
exit 0
exit 0
exit 0
exit 0
exit 0
exit 0
exit 0
exit 0
exit 0
exit 0
exit 0
exit 0
exit 0
exit 0
exit 0
exit 0
exit 0
exit 0
exit 0
exit 0
exit 0
exit 0
exit 0
exit 0
exit 0
exit 0
